{"name": "test_case1", "status": "failed", "statusDetails": {"message": "AssertionError", "trace": ">   ???\n\n<string>:26: \n_ _ _ _ _ _ _ _ _ _ _ _ _ _ _ _ _ _ _ _ _ _ _ _ _ _ _ _ _ _ _ _ _ _ _ _ _ _ _ _ _ _ _ _ _ _ _ _ _ _ _ _ _ _ _ _ _ _ _ _ _ _ _ _ _ _ _ _ _ _ _ _ _ _ _ _ _ _ _ _ _ _ _ _ _ _ _ _ _ _ \ncommon\\parser.py:25: in parse\n    cls._action_step_parse(step)\ncommon\\parser.py:47: in _action_step_parse\n    getattr(instance, method_name)(**params)\ncommon\\keywords\\check\\check_base.py:23: in equal\n    raise e\n_ _ _ _ _ _ _ _ _ _ _ _ _ _ _ _ _ _ _ _ _ _ _ _ _ _ _ _ _ _ _ _ _ _ _ _ _ _ _ _ _ _ _ _ _ _ _ _ _ _ _ _ _ _ _ _ _ _ _ _ _ _ _ _ _ _ _ _ _ _ _ _ _ _ _ _ _ _ _ _ _ _ _ _ _ _ _ _ _ _ \n\ncls = <class 'common.keywords.check.check_base.CheckAction'>, real_value = 'pic1', expect_value = 'pic12'\n\n    @classmethod\n    def equal(cls, real_value: Any, expect_value: Any):\n        try:\n>           assert real_value == expect_value\nE           AssertionError\n\ncommon\\keywords\\check\\check_base.py:12: AssertionError"}, "description": "1", "steps": [{"name": "action步骤:设置变量", "status": "passed", "start": 1709630657333, "stop": 1709630657334}, {"name": "action步骤:截图", "status": "passed", "start": 1709630657334, "stop": 1709630657708}, {"name": "action步骤:添加图片", "status": "passed", "attachments": [{"name": "截图", "source": "1cc03584-bf48-4743-984a-67f4d641f979-attachment.png", "type": "image/png"}], "start": 1709630657708, "stop": 1709630657715}, {"name": "function步骤:自定义关键字", "status": "passed", "start": 1709630657715, "stop": 1709630657717}, {"name": "action步骤:判断两个值相等", "status": "failed", "statusDetails": {"message": "AssertionError\n", "trace": "  File \"d:\\BaiduSyncdisk\\project\\python\\skydel\\scene\\common\\parser.py\", line 47, in _action_step_parse\n    getattr(instance, method_name)(**params)\n  File \"d:\\BaiduSyncdisk\\project\\python\\skydel\\scene\\common\\keywords\\check\\check_base.py\", line 23, in equal\n    raise e\n  File \"d:\\BaiduSyncdisk\\project\\python\\skydel\\scene\\common\\keywords\\check\\check_base.py\", line 12, in equal\n    assert real_value == expect_value\n"}, "start": 1709630657717, "stop": 1709630657717}], "attachments": [{"name": "失败截图", "source": "9efac4cb-26cb-491d-9ef1-cb1d5f31d899-attachment.png", "type": "image/png"}, {"name": "log", "source": "ac8e970d-3002-40e4-b052-3cdebd3925db-attachment.txt", "type": "text/plain"}], "start": 1709630657333, "stop": 1709630657718, "uuid": "31739485-fb4e-46cf-b137-2ba85c74293e", "historyId": "16a215f4775a614effb6a3a696806934", "testCaseId": "be670a1105ed31b1666a9561016dc20d", "fullName": "testsuits.MyProject.testcase.01moudle.case1#test_case1", "labels": [{"name": "story", "value": "test_case1"}, {"name": "parentSuite", "value": "testsuits.MyProject.testcase.01moudle"}, {"name": "suite", "value": "case1"}, {"name": "host", "value": "DESKTOP-L0P159C"}, {"name": "thread", "value": "30300-Dummy-2"}, {"name": "framework", "value": "pytest"}, {"name": "language", "value": "cpython3"}, {"name": "package", "value": "testsuits.MyProject.testcase.01moudle.case1"}]}