{"uid":"4dbb6c15f9037ab1","name":"test_case1","fullName":"testsuits.MyProject.testcase.01moudle.case1#test_case1","historyId":"16a215f4775a614effb6a3a696806934","time":{"start":1709630657333,"stop":1709630657718,"duration":385},"description":"1","descriptionHtml":"<p>1</p>\n","status":"failed","statusMessage":"AssertionError","statusTrace":">   ???\n\n<string>:26: \n_ _ _ _ _ _ _ _ _ _ _ _ _ _ _ _ _ _ _ _ _ _ _ _ _ _ _ _ _ _ _ _ _ _ _ _ _ _ _ _ _ _ _ _ _ _ _ _ _ _ _ _ _ _ _ _ _ _ _ _ _ _ _ _ _ _ _ _ _ _ _ _ _ _ _ _ _ _ _ _ _ _ _ _ _ _ _ _ _ _ \ncommon\\parser.py:25: in parse\n    cls._action_step_parse(step)\ncommon\\parser.py:47: in _action_step_parse\n    getattr(instance, method_name)(**params)\ncommon\\keywords\\check\\check_base.py:23: in equal\n    raise e\n_ _ _ _ _ _ _ _ _ _ _ _ _ _ _ _ _ _ _ _ _ _ _ _ _ _ _ _ _ _ _ _ _ _ _ _ _ _ _ _ _ _ _ _ _ _ _ _ _ _ _ _ _ _ _ _ _ _ _ _ _ _ _ _ _ _ _ _ _ _ _ _ _ _ _ _ _ _ _ _ _ _ _ _ _ _ _ _ _ _ \n\ncls = <class 'common.keywords.check.check_base.CheckAction'>, real_value = 'pic1', expect_value = 'pic12'\n\n    @classmethod\n    def equal(cls, real_value: Any, expect_value: Any):\n        try:\n>           assert real_value == expect_value\nE           AssertionError\n\ncommon\\keywords\\check\\check_base.py:12: AssertionError","flaky":false,"newFailed":false,"newBroken":false,"newPassed":false,"retriesCount":0,"retriesStatusChange":false,"beforeStages":[{"name":"new_driver","time":{"start":1709630657332,"stop":1709630657333,"duration":1},"status":"passed","steps":[],"attachments":[],"parameters":[],"shouldDisplayMessage":false,"attachmentsCount":0,"attachmentStep":false,"hasContent":false,"stepsCount":0}],"testStage":{"description":"1","status":"failed","statusMessage":"AssertionError","statusTrace":">   ???\n\n<string>:26: \n_ _ _ _ _ _ _ _ _ _ _ _ _ _ _ _ _ _ _ _ _ _ _ _ _ _ _ _ _ _ _ _ _ _ _ _ _ _ _ _ _ _ _ _ _ _ _ _ _ _ _ _ _ _ _ _ _ _ _ _ _ _ _ _ _ _ _ _ _ _ _ _ _ _ _ _ _ _ _ _ _ _ _ _ _ _ _ _ _ _ \ncommon\\parser.py:25: in parse\n    cls._action_step_parse(step)\ncommon\\parser.py:47: in _action_step_parse\n    getattr(instance, method_name)(**params)\ncommon\\keywords\\check\\check_base.py:23: in equal\n    raise e\n_ _ _ _ _ _ _ _ _ _ _ _ _ _ _ _ _ _ _ _ _ _ _ _ _ _ _ _ _ _ _ _ _ _ _ _ _ _ _ _ _ _ _ _ _ _ _ _ _ _ _ _ _ _ _ _ _ _ _ _ _ _ _ _ _ _ _ _ _ _ _ _ _ _ _ _ _ _ _ _ _ _ _ _ _ _ _ _ _ _ \n\ncls = <class 'common.keywords.check.check_base.CheckAction'>, real_value = 'pic1', expect_value = 'pic12'\n\n    @classmethod\n    def equal(cls, real_value: Any, expect_value: Any):\n        try:\n>           assert real_value == expect_value\nE           AssertionError\n\ncommon\\keywords\\check\\check_base.py:12: AssertionError","steps":[{"name":"action步骤:设置变量","time":{"start":1709630657333,"stop":1709630657334,"duration":1},"status":"passed","steps":[],"attachments":[],"parameters":[],"shouldDisplayMessage":false,"attachmentsCount":0,"attachmentStep":false,"hasContent":false,"stepsCount":0},{"name":"action步骤:截图","time":{"start":1709630657334,"stop":1709630657708,"duration":374},"status":"passed","steps":[],"attachments":[],"parameters":[],"shouldDisplayMessage":false,"attachmentsCount":0,"attachmentStep":false,"hasContent":false,"stepsCount":0},{"name":"action步骤:添加图片","time":{"start":1709630657708,"stop":1709630657715,"duration":7},"status":"passed","steps":[],"attachments":[{"uid":"414d7ad53c1fc4b1","name":"截图","source":"414d7ad53c1fc4b1.png","type":"image/png","size":915830}],"parameters":[],"shouldDisplayMessage":false,"attachmentsCount":1,"attachmentStep":false,"hasContent":true,"stepsCount":0},{"name":"function步骤:自定义关键字","time":{"start":1709630657715,"stop":1709630657717,"duration":2},"status":"passed","steps":[],"attachments":[],"parameters":[],"shouldDisplayMessage":false,"attachmentsCount":0,"attachmentStep":false,"hasContent":false,"stepsCount":0},{"name":"action步骤:判断两个值相等","time":{"start":1709630657717,"stop":1709630657717,"duration":0},"status":"failed","statusMessage":"AssertionError\n","statusTrace":"  File \"d:\\BaiduSyncdisk\\project\\python\\skydel\\scene\\common\\parser.py\", line 47, in _action_step_parse\n    getattr(instance, method_name)(**params)\n  File \"d:\\BaiduSyncdisk\\project\\python\\skydel\\scene\\common\\keywords\\check\\check_base.py\", line 23, in equal\n    raise e\n  File \"d:\\BaiduSyncdisk\\project\\python\\skydel\\scene\\common\\keywords\\check\\check_base.py\", line 12, in equal\n    assert real_value == expect_value\n","steps":[],"attachments":[],"parameters":[],"shouldDisplayMessage":true,"attachmentsCount":0,"attachmentStep":false,"hasContent":true,"stepsCount":0}],"attachments":[{"uid":"7a728413312e22ed","name":"失败截图","source":"7a728413312e22ed.png","type":"image/png","size":939957},{"uid":"dea193db000276ad","name":"log","source":"dea193db000276ad.txt","type":"text/plain","size":1272}],"parameters":[],"shouldDisplayMessage":true,"attachmentsCount":3,"attachmentStep":false,"hasContent":true,"stepsCount":5},"afterStages":[{"name":"new_driver::0","time":{"start":1709630658116,"stop":1709630658116,"duration":0},"status":"passed","steps":[],"attachments":[],"parameters":[],"shouldDisplayMessage":false,"attachmentsCount":0,"attachmentStep":false,"hasContent":false,"stepsCount":0}],"labels":[{"name":"story","value":"test_case1"},{"name":"parentSuite","value":"testsuits.MyProject.testcase.01moudle"},{"name":"suite","value":"case1"},{"name":"host","value":"DESKTOP-L0P159C"},{"name":"thread","value":"30300-Dummy-2"},{"name":"framework","value":"pytest"},{"name":"language","value":"cpython3"},{"name":"package","value":"testsuits.MyProject.testcase.01moudle.case1"},{"name":"resultFormat","value":"allure2"}],"parameters":[],"links":[],"hidden":false,"retry":false,"extra":{"severity":"normal","retries":[],"categories":[{"name":"Product defects","matchedStatuses":[],"flaky":false}],"tags":[]},"source":"4dbb6c15f9037ab1.json","parameterValues":[]}